[2022-09-16T15:03:43.116] [DEBUG] cheese - login => username:admin,password:123456
[2022-09-16T15:03:43.121] [DEBUG] cheese - admin
[2022-09-16T15:03:43.132] [DEBUG] cheese - null
[2022-09-16T15:03:43.133] [DEBUG] cheese - null
[2022-10-07T16:26:02.353] [DEBUG] cheese - login => username:admin1,password:123456
[2022-10-07T16:26:02.354] [DEBUG] cheese - admin1
[2022-10-07T16:26:02.377] [DEBUG] cheese - null
[2022-10-07T16:26:02.377] [DEBUG] cheese - null
[2022-10-07T16:26:42.752] [DEBUG] cheese - login => username:admin1,password:123456
[2022-10-07T16:26:42.753] [DEBUG] cheese - admin1
[2022-10-07T16:26:42.756] [DEBUG] cheese - null
[2022-10-07T16:26:42.756] [DEBUG] cheese - null
[2022-10-07T16:27:00.859] [DEBUG] cheese - login => username:admin,password:123456
[2022-10-07T16:27:00.860] [DEBUG] cheese - admin
[2022-10-07T16:27:00.865] [DEBUG] cheese - null
[2022-10-07T16:27:00.865] [DEBUG] cheese - null
[2022-10-07T16:27:09.963] [DEBUG] cheese - login => username:admin,password:123456
[2022-10-07T16:27:09.964] [DEBUG] cheese - admin
[2022-10-07T16:27:09.967] [DEBUG] cheese - null
[2022-10-07T16:27:09.967] [DEBUG] cheese - null
[2022-10-07T16:28:25.856] [DEBUG] cheese - login => username:admin1,password:123456
[2022-10-07T16:28:25.856] [DEBUG] cheese - admin1
[2022-10-07T16:28:25.858] [DEBUG] cheese - null
[2022-10-07T16:28:25.858] [DEBUG] cheese - null
[2022-10-07T16:28:37.640] [DEBUG] cheese - login => username:admin1,password:123456
[2022-10-07T16:28:37.641] [DEBUG] cheese - admin1
[2022-10-07T16:28:37.645] [DEBUG] cheese - null
[2022-10-07T16:28:37.645] [DEBUG] cheese - null
[2022-10-07T16:28:43.009] [DEBUG] cheese - login => username:admin,password:123456
[2022-10-07T16:28:43.009] [DEBUG] cheese - admin
[2022-10-07T16:28:43.012] [DEBUG] cheese - null
[2022-10-07T16:28:43.012] [DEBUG] cheese - null
[2022-10-07T16:34:46.640] [DEBUG] cheese - login => username:admin1,password:123456
[2022-10-07T16:34:46.640] [DEBUG] cheese - admin1
[2022-10-07T16:34:46.642] [DEBUG] cheese - null
[2022-10-07T16:34:46.642] [DEBUG] cheese - null
[2022-10-07T16:35:39.440] [DEBUG] cheese - login => username:admin1,password:123456
[2022-10-07T16:35:39.440] [DEBUG] cheese - admin1
[2022-10-07T16:35:39.444] [DEBUG] cheese - null
[2022-10-07T16:35:39.445] [DEBUG] cheese - null
[2022-10-07T16:36:28.208] [DEBUG] cheese - login => username:admin1,password:123456
[2022-10-07T16:36:28.208] [DEBUG] cheese - admin1
[2022-10-07T16:36:28.211] [DEBUG] cheese - null
[2022-10-07T16:36:28.211] [DEBUG] cheese - null
[2022-10-07T16:36:32.025] [DEBUG] cheese - login => username:admin,password:123456
[2022-10-07T16:36:32.025] [DEBUG] cheese - admin
[2022-10-07T16:36:32.030] [DEBUG] cheese - null
[2022-10-07T16:36:32.030] [DEBUG] cheese - null
[2022-10-07T16:37:02.758] [DEBUG] cheese - login => username:admin1,password:123456
[2022-10-07T16:37:02.759] [DEBUG] cheese - admin1
[2022-10-07T16:37:02.761] [DEBUG] cheese - null
[2022-10-07T16:37:02.761] [DEBUG] cheese - null
[2022-10-07T16:37:09.709] [DEBUG] cheese - login => username:admin,password:123456
[2022-10-07T16:37:09.709] [DEBUG] cheese - admin
[2022-10-07T16:37:09.713] [DEBUG] cheese - null
[2022-10-07T16:37:09.713] [DEBUG] cheese - null
[2022-10-07T16:37:42.149] [DEBUG] cheese - login => username:admin1,password:123456
[2022-10-07T16:37:42.149] [DEBUG] cheese - admin1
[2022-10-07T16:37:42.152] [DEBUG] cheese - null
[2022-10-07T16:37:42.152] [DEBUG] cheese - null
[2022-10-07T16:37:47.664] [DEBUG] cheese - login => username:admin1,password:123456
[2022-10-07T16:37:47.665] [DEBUG] cheese - admin1
[2022-10-07T16:37:47.666] [DEBUG] cheese - null
[2022-10-07T16:37:47.666] [DEBUG] cheese - null
[2022-10-07T16:38:18.696] [DEBUG] cheese - login => username:admin1,password:123456
[2022-10-07T16:38:18.696] [DEBUG] cheese - admin1
[2022-10-07T16:38:18.699] [DEBUG] cheese - null
[2022-10-07T16:38:18.699] [DEBUG] cheese - null
[2022-10-07T16:38:21.343] [DEBUG] cheese - login => username:admin,password:123456
[2022-10-07T16:38:21.343] [DEBUG] cheese - admin
[2022-10-07T16:38:21.348] [DEBUG] cheese - null
[2022-10-07T16:38:21.348] [DEBUG] cheese - null
[2022-10-07T16:39:46.228] [DEBUG] cheese - login => username:admin1,password:123456
[2022-10-07T16:39:46.228] [DEBUG] cheese - admin1
[2022-10-07T16:39:46.230] [DEBUG] cheese - null
[2022-10-07T16:39:46.230] [DEBUG] cheese - null
[2022-10-07T16:41:00.119] [DEBUG] cheese - login => username:admin,password:123456
[2022-10-07T16:41:00.119] [DEBUG] cheese - admin
[2022-10-07T16:41:00.122] [DEBUG] cheese - null
[2022-10-07T16:41:00.122] [DEBUG] cheese - null
[2022-10-07T16:41:30.572] [DEBUG] cheese - login => username:admin,password:123456
[2022-10-07T16:41:30.572] [DEBUG] cheese - admin
[2022-10-07T16:41:30.574] [DEBUG] cheese - null
[2022-10-07T16:41:30.574] [DEBUG] cheese - null
[2022-10-07T16:41:49.668] [DEBUG] cheese - login => username:admin,password:123456
[2022-10-07T16:41:49.668] [DEBUG] cheese - admin
[2022-10-07T16:41:49.671] [DEBUG] cheese - null
[2022-10-07T16:41:49.671] [DEBUG] cheese - null
[2022-10-07T16:42:07.736] [DEBUG] cheese - login => username:admin,password:123456
[2022-10-07T16:42:07.736] [DEBUG] cheese - admin
[2022-10-07T16:42:07.738] [DEBUG] cheese - null
[2022-10-07T16:42:07.738] [DEBUG] cheese - null
[2022-10-07T16:43:01.981] [DEBUG] cheese - login => username:admin,password:123456
[2022-10-07T16:43:01.981] [DEBUG] cheese - admin
[2022-10-07T16:43:01.983] [DEBUG] cheese - null
[2022-10-07T16:43:01.984] [DEBUG] cheese - null
[2022-10-07T16:47:09.437] [DEBUG] cheese - login => username:admin,password:123456
[2022-10-07T16:47:09.437] [DEBUG] cheese - admin
[2022-10-07T16:47:09.440] [DEBUG] cheese - null
[2022-10-07T16:47:09.440] [DEBUG] cheese - null
[2022-10-12T16:02:17.342] [DEBUG] cheese - login => username:admin1,password:123456
[2022-10-12T16:02:17.344] [DEBUG] cheese - admin1
[2022-10-12T16:02:17.369] [DEBUG] cheese - null
[2022-10-12T16:02:17.369] [DEBUG] cheese - null
[2022-10-12T16:02:25.374] [DEBUG] cheese - login => username:admin,password:123456
[2022-10-12T16:02:25.374] [DEBUG] cheese - admin
[2022-10-12T16:02:25.381] [DEBUG] cheese - null
[2022-10-12T16:02:25.381] [DEBUG] cheese - null
[2022-10-21T15:04:27.513] [DEBUG] cheese - login => username:admin,password:123456
[2022-10-21T15:04:27.517] [DEBUG] cheese - admin
[2022-10-21T15:04:27.543] [DEBUG] cheese - null
[2022-10-21T15:04:27.544] [DEBUG] cheese - null
[2022-10-21T15:09:23.028] [DEBUG] cheese - login => username:admin,password:123456
[2022-10-21T15:09:23.028] [DEBUG] cheese - admin
[2022-10-21T15:09:23.032] [DEBUG] cheese - null
[2022-10-21T15:09:23.032] [DEBUG] cheese - null
[2022-10-21T15:10:00.587] [DEBUG] cheese - login => username:admin,password:123456
[2022-10-21T15:10:00.587] [DEBUG] cheese - admin
[2022-10-21T15:10:00.592] [DEBUG] cheese - null
[2022-10-21T15:10:00.592] [DEBUG] cheese - null
[2022-10-21T15:10:20.701] [DEBUG] cheese - login => username:admin,password:123456
[2022-10-21T15:10:20.701] [DEBUG] cheese - admin
[2022-10-21T15:10:20.705] [DEBUG] cheese - null
[2022-10-21T15:10:20.705] [DEBUG] cheese - null
[2022-10-21T15:10:37.200] [DEBUG] cheese - login => username:admin,password:123456
[2022-10-21T15:10:37.200] [DEBUG] cheese - admin
[2022-10-21T15:10:37.204] [DEBUG] cheese - null
[2022-10-21T15:10:37.205] [DEBUG] cheese - null
[2022-10-21T15:14:26.750] [DEBUG] cheese - login => username:admin,password:123456
[2022-10-21T15:14:26.750] [DEBUG] cheese - admin
[2022-10-21T15:14:26.753] [DEBUG] cheese - null
[2022-10-21T15:14:26.753] [DEBUG] cheese - null
[2022-10-21T15:14:35.941] [DEBUG] cheese - login => username:admin,password:1234567
[2022-10-21T15:14:35.941] [DEBUG] cheese - admin
[2022-10-21T15:14:35.944] [DEBUG] cheese - null
[2022-10-21T15:14:35.944] [DEBUG] cheese - null
[2022-10-21T15:14:47.745] [DEBUG] cheese - login => username:admin1,password:123456
[2022-10-21T15:14:47.745] [DEBUG] cheese - admin1
[2022-10-21T15:14:47.747] [DEBUG] cheese - null
[2022-10-21T15:14:47.748] [DEBUG] cheese - null
[2022-10-21T15:15:15.019] [DEBUG] cheese - login => username:admin1,password:123456
[2022-10-21T15:15:15.019] [DEBUG] cheese - admin1
[2022-10-21T15:15:15.021] [DEBUG] cheese - null
[2022-10-21T15:15:15.021] [DEBUG] cheese - null
[2022-10-21T15:15:21.274] [DEBUG] cheese - login => username:admin,password:1234561
[2022-10-21T15:15:21.274] [DEBUG] cheese - admin
[2022-10-21T15:15:21.278] [DEBUG] cheese - null
[2022-10-21T15:15:21.278] [DEBUG] cheese - null
[2022-10-21T15:15:28.753] [DEBUG] cheese - login => username:admin,password:1234561
[2022-10-21T15:15:28.754] [DEBUG] cheese - admin
[2022-10-21T15:15:28.757] [DEBUG] cheese - null
[2022-10-21T15:15:28.757] [DEBUG] cheese - null
[2022-10-21T15:16:27.904] [DEBUG] cheese - login => username:admin,password:123456
[2022-10-21T15:16:27.904] [DEBUG] cheese - admin
[2022-10-21T15:16:27.908] [DEBUG] cheese - null
[2022-10-21T15:16:27.908] [DEBUG] cheese - null
[2022-10-21T15:16:36.926] [DEBUG] cheese - login => username:admin,password:123456
[2022-10-21T15:16:36.926] [DEBUG] cheese - admin
[2022-10-21T15:16:36.928] [DEBUG] cheese - null
[2022-10-21T15:16:36.929] [DEBUG] cheese - null
[2022-10-21T15:16:46.268] [DEBUG] cheese - login => username:admin,password:123456
[2022-10-21T15:16:46.268] [DEBUG] cheese - admin
[2022-10-21T15:16:46.271] [DEBUG] cheese - null
[2022-10-21T15:16:46.271] [DEBUG] cheese - null
[2022-10-21T15:16:51.709] [DEBUG] cheese - login => username:admin,password:123456
[2022-10-21T15:16:51.709] [DEBUG] cheese - admin
[2022-10-21T15:16:51.712] [DEBUG] cheese - null
[2022-10-21T15:16:51.712] [DEBUG] cheese - null
[2022-10-21T15:17:42.811] [DEBUG] cheese - login => username:admin,password:123456
[2022-10-21T15:17:42.811] [DEBUG] cheese - admin
[2022-10-21T15:17:42.815] [DEBUG] cheese - null
[2022-10-21T15:17:42.815] [DEBUG] cheese - null
[2022-10-21T15:18:20.428] [DEBUG] cheese - login => username:admin,password:123456
[2022-10-21T15:18:20.428] [DEBUG] cheese - admin
[2022-10-21T15:18:20.430] [DEBUG] cheese - null
[2022-10-21T15:18:20.430] [DEBUG] cheese - null
[2022-10-21T15:28:14.397] [DEBUG] cheese - login => username:admin,password:123456
[2022-10-21T15:28:14.398] [DEBUG] cheese - admin
[2022-10-21T15:28:14.401] [DEBUG] cheese - null
[2022-10-21T15:28:14.401] [DEBUG] cheese - null
[2022-10-25T11:45:55.098] [DEBUG] cheese - login => username:admin,password:123456
[2022-10-25T11:45:55.101] [DEBUG] cheese - admin
[2022-10-25T11:45:55.121] [DEBUG] cheese - null
[2022-10-25T11:45:55.122] [DEBUG] cheese - null
[2022-10-25T11:47:11.038] [DEBUG] cheese - login => username:admin,password:123456
[2022-10-25T11:47:11.038] [DEBUG] cheese - admin
[2022-10-25T11:47:11.042] [DEBUG] cheese - null
[2022-10-25T11:47:11.043] [DEBUG] cheese - null
[2022-10-25T11:49:06.328] [DEBUG] cheese - login => username:admin,password:123456
[2022-10-25T11:49:06.329] [DEBUG] cheese - admin
[2022-10-25T11:49:06.334] [DEBUG] cheese - null
[2022-10-25T11:49:06.334] [DEBUG] cheese - null
[2022-10-25T11:59:05.692] [DEBUG] cheese - login => username:admin,password:123456
[2022-10-25T11:59:05.692] [DEBUG] cheese - admin
[2022-10-25T11:59:05.696] [DEBUG] cheese - null
[2022-10-25T11:59:05.696] [DEBUG] cheese - null
[2022-10-25T15:02:31.118] [DEBUG] cheese - login => username:admin,password:123456
[2022-10-25T15:02:31.118] [DEBUG] cheese - admin
[2022-10-25T15:02:31.123] [DEBUG] cheese - null
[2022-10-25T15:02:31.123] [DEBUG] cheese - null
[2022-10-25T15:03:11.657] [DEBUG] cheese - login => username:admin,password:123456
[2022-10-25T15:03:11.657] [DEBUG] cheese - admin
[2022-10-25T15:03:11.660] [DEBUG] cheese - null
[2022-10-25T15:03:11.660] [DEBUG] cheese - null
[2022-10-25T15:04:10.375] [DEBUG] cheese - login => username:admin,password:123456
[2022-10-25T15:04:10.376] [DEBUG] cheese - admin
[2022-10-25T15:04:10.380] [DEBUG] cheese - null
[2022-10-25T15:04:10.380] [DEBUG] cheese - null
[2022-10-25T15:04:38.727] [DEBUG] cheese - login => username:admin,password:123456
[2022-10-25T15:04:38.727] [DEBUG] cheese - admin
[2022-10-25T15:04:38.731] [DEBUG] cheese - null
[2022-10-25T15:04:38.731] [DEBUG] cheese - null
[2022-10-25T16:48:58.815] [DEBUG] cheese - login => username:admin,password:123456
[2022-10-25T16:48:58.815] [DEBUG] cheese - admin
[2022-10-25T16:48:58.818] [DEBUG] cheese - null
[2022-10-25T16:48:58.819] [DEBUG] cheese - null
[2022-10-27T08:42:55.250] [DEBUG] cheese - login => username:admin,password:123456
[2022-10-27T08:42:55.252] [DEBUG] cheese - admin
[2022-10-27T08:42:55.277] [DEBUG] cheese - null
[2022-10-27T08:42:55.277] [DEBUG] cheese - null
[2022-10-28T15:47:15.527] [DEBUG] cheese - login => username:admin,password:123456
[2022-10-28T15:47:15.528] [DEBUG] cheese - admin
[2022-10-28T15:47:15.552] [DEBUG] cheese - null
[2022-10-28T15:47:15.554] [DEBUG] cheese - null
[2022-10-31T08:49:04.640] [DEBUG] cheese - login => username:admin,password:123456
[2022-10-31T08:49:04.642] [DEBUG] cheese - admin
[2022-10-31T08:49:04.662] [DEBUG] cheese - null
[2022-10-31T08:49:04.663] [DEBUG] cheese - null
[2022-10-31T08:49:57.125] [DEBUG] cheese - login => username:admin,password:123456
[2022-10-31T08:49:57.125] [DEBUG] cheese - admin
[2022-10-31T08:49:57.128] [DEBUG] cheese - null
[2022-10-31T08:49:57.129] [DEBUG] cheese - null
[2022-10-31T08:50:11.321] [DEBUG] cheese - login => username:admin,password:123456
[2022-10-31T08:50:11.321] [DEBUG] cheese - admin
[2022-10-31T08:50:11.324] [DEBUG] cheese - null
[2022-10-31T08:50:11.324] [DEBUG] cheese - null
[2022-10-31T08:52:05.948] [DEBUG] cheese - login => username:admin,password:123456
[2022-10-31T08:52:05.948] [DEBUG] cheese - admin
[2022-10-31T08:52:05.951] [DEBUG] cheese - null
[2022-10-31T08:52:05.951] [DEBUG] cheese - null
[2022-11-01T09:49:41.427] [DEBUG] cheese - login => username:admin,password:123456
[2022-11-01T09:49:41.429] [DEBUG] cheese - admin
[2022-11-01T09:49:41.454] [DEBUG] cheese - null
[2022-11-01T09:49:41.454] [DEBUG] cheese - null
[2022-11-02T14:52:46.901] [DEBUG] cheese - login => username:admin,password:123456
[2022-11-02T14:52:46.903] [DEBUG] cheese - admin
[2022-11-02T14:52:46.925] [DEBUG] cheese - null
[2022-11-02T14:52:46.925] [DEBUG] cheese - null
[2022-11-07T11:15:42.395] [DEBUG] cheese - login => username:admin,password:123456
[2022-11-07T11:15:42.397] [DEBUG] cheese - admin
[2022-11-07T11:15:42.422] [DEBUG] cheese - null
[2022-11-07T11:15:42.424] [DEBUG] cheese - null
[2022-11-07T15:32:30.180] [DEBUG] cheese - null
[2022-11-07T15:35:38.699] [DEBUG] cheese - null
[2022-11-07T16:04:19.634] [DEBUG] cheese - null
[2022-11-07T16:05:16.626] [DEBUG] cheese - null
[2022-11-07T16:17:32.489] [DEBUG] cheese - null
[2022-12-17T08:48:39.705] [DEBUG] cheese - login => username:admin,password:123456
[2022-12-17T08:48:39.707] [DEBUG] cheese - admin
[2022-12-17T08:48:39.731] [DEBUG] cheese - null
[2022-12-17T08:48:39.731] [DEBUG] cheese - null
[2022-12-17T10:43:54.623] [DEBUG] cheese - login => username:admin,password:123456
[2022-12-17T10:43:54.623] [DEBUG] cheese - admin
[2022-12-17T10:43:54.627] [DEBUG] cheese - null
[2022-12-17T10:43:54.628] [DEBUG] cheese - null
[2023-01-01T09:46:46.037] [DEBUG] cheese - login => username:admin,password:123456
[2023-01-01T09:46:46.038] [DEBUG] cheese - admin
[2023-01-01T09:46:46.061] [DEBUG] cheese - null
[2023-01-01T09:46:46.063] [DEBUG] cheese - null
[2023-01-01T09:50:09.085] [DEBUG] cheese - login => username:admin,password:123456
[2023-01-01T09:50:09.086] [DEBUG] cheese - admin
[2023-01-01T09:50:09.089] [DEBUG] cheese - null
[2023-01-01T09:50:09.089] [DEBUG] cheese - null
[2023-01-01T15:38:05.381] [DEBUG] cheese - login => username:111,password:111111
[2023-01-01T15:38:05.382] [DEBUG] cheese - 111
[2023-01-01T15:38:05.385] [DEBUG] cheese - null
[2023-01-01T15:38:05.385] [DEBUG] cheese - null
[2023-01-01T15:38:46.365] [DEBUG] cheese - login => username:111,password:111111
[2023-01-01T15:38:46.365] [DEBUG] cheese - 111
[2023-01-01T15:38:46.368] [DEBUG] cheese - null
[2023-01-01T15:38:46.368] [DEBUG] cheese - null
[2023-01-01T15:39:13.289] [DEBUG] cheese - login => username:admin,password:123456
[2023-01-01T15:39:13.289] [DEBUG] cheese - admin
[2023-01-01T15:39:13.292] [DEBUG] cheese - null
[2023-01-01T15:39:13.293] [DEBUG] cheese - null
[2023-01-01T15:39:59.197] [DEBUG] cheese - login => username:111,password:111111
[2023-01-01T15:39:59.197] [DEBUG] cheese - 111
[2023-01-01T15:39:59.204] [DEBUG] cheese - null
[2023-01-01T15:39:59.204] [DEBUG] cheese - null
[2023-01-01T15:40:09.372] [DEBUG] cheese - login => username:admin,password:123456
[2023-01-01T15:40:09.372] [DEBUG] cheese - admin
[2023-01-01T15:40:09.374] [DEBUG] cheese - null
[2023-01-01T15:40:09.374] [DEBUG] cheese - null
[2023-01-01T15:43:46.911] [DEBUG] cheese - login => username:111,password:111111
[2023-01-01T15:43:46.911] [DEBUG] cheese - 111
[2023-01-01T15:43:46.917] [DEBUG] cheese - null
[2023-01-01T15:43:46.917] [DEBUG] cheese - null
[2023-01-01T15:44:21.747] [DEBUG] cheese - login => username:admin,password:123456
[2023-01-01T15:44:21.747] [DEBUG] cheese - admin
[2023-01-01T15:44:21.750] [DEBUG] cheese - null
[2023-01-01T15:44:21.750] [DEBUG] cheese - null
[2023-01-01T15:47:17.528] [DEBUG] cheese - login => username:admin,password:123456
[2023-01-01T15:47:17.528] [DEBUG] cheese - admin
[2023-01-01T15:47:17.532] [DEBUG] cheese - null
[2023-01-01T15:47:17.532] [DEBUG] cheese - null
[2023-01-11T09:31:56.510] [DEBUG] cheese - login => username:admin,password:123456
[2023-01-11T09:31:56.511] [DEBUG] cheese - admin
[2023-01-11T09:31:56.532] [DEBUG] cheese - null
[2023-01-11T09:31:56.533] [DEBUG] cheese - null
[2023-01-11T09:33:45.556] [DEBUG] cheese - login => username:admin,password:123456
[2023-01-11T09:33:45.556] [DEBUG] cheese - admin
[2023-01-11T09:33:45.560] [DEBUG] cheese - null
[2023-01-11T09:33:45.560] [DEBUG] cheese - null
[2023-01-11T09:36:26.544] [DEBUG] cheese - login => username:admin,password:123456
[2023-01-11T09:36:26.545] [DEBUG] cheese - admin
[2023-01-11T09:36:26.548] [DEBUG] cheese - null
[2023-01-11T09:36:26.549] [DEBUG] cheese - null
[2023-01-11T09:37:32.909] [DEBUG] cheese - login => username:admin,password:123456
[2023-01-11T09:37:32.909] [DEBUG] cheese - admin
[2023-01-11T09:37:32.917] [DEBUG] cheese - null
[2023-01-11T09:37:32.917] [DEBUG] cheese - null
[2023-01-11T09:39:00.298] [DEBUG] cheese - login => username:admin,password:123456
[2023-01-11T09:39:00.298] [DEBUG] cheese - admin
[2023-01-11T09:39:00.301] [DEBUG] cheese - null
[2023-01-11T09:39:00.301] [DEBUG] cheese - null
[2023-01-11T09:39:38.445] [DEBUG] cheese - login => username:admin,password:123456
[2023-01-11T09:39:38.445] [DEBUG] cheese - admin
[2023-01-11T09:39:38.448] [DEBUG] cheese - null
[2023-01-11T09:39:38.448] [DEBUG] cheese - null
[2023-01-11T09:55:51.234] [DEBUG] cheese - login => username:admin,password:123456
[2023-01-11T09:55:51.234] [DEBUG] cheese - admin
[2023-01-11T09:55:51.238] [DEBUG] cheese - null
[2023-01-11T09:55:51.243] [DEBUG] cheese - null
[2023-01-11T09:56:20.344] [DEBUG] cheese - login => username:admin,password:123456
[2023-01-11T09:56:20.344] [DEBUG] cheese - admin
[2023-01-11T09:56:20.348] [DEBUG] cheese - null
[2023-01-11T09:56:20.348] [DEBUG] cheese - null
[2023-01-11T09:56:49.516] [DEBUG] cheese - login => username:admin,password:123456
[2023-01-11T09:56:49.516] [DEBUG] cheese - admin
[2023-01-11T09:56:49.520] [DEBUG] cheese - null
[2023-01-11T09:56:49.520] [DEBUG] cheese - null
[2023-01-11T10:45:01.634] [DEBUG] cheese - login => username:admin,password:123456
[2023-01-11T10:45:01.634] [DEBUG] cheese - admin
[2023-01-11T10:45:01.640] [DEBUG] cheese - null
[2023-01-11T10:45:01.640] [DEBUG] cheese - null
[2023-01-11T10:46:00.568] [DEBUG] cheese - login => username:admin,password:123456
[2023-01-11T10:46:00.568] [DEBUG] cheese - admin
[2023-01-11T10:46:00.571] [DEBUG] cheese - null
[2023-01-11T10:46:00.571] [DEBUG] cheese - null
[2023-01-11T10:46:37.591] [DEBUG] cheese - login => username:admin,password:123456
[2023-01-11T10:46:37.591] [DEBUG] cheese - admin
[2023-01-11T10:46:37.596] [DEBUG] cheese - null
[2023-01-11T10:46:37.596] [DEBUG] cheese - null
[2023-01-11T10:46:58.238] [DEBUG] cheese - login => username:admin,password:123456
[2023-01-11T10:46:58.238] [DEBUG] cheese - admin
[2023-01-11T10:46:58.240] [DEBUG] cheese - null
[2023-01-11T10:46:58.240] [DEBUG] cheese - null
[2023-01-11T10:49:39.768] [DEBUG] cheese - login => username:admin,password:123456
[2023-01-11T10:49:39.768] [DEBUG] cheese - admin
[2023-01-11T10:49:39.774] [DEBUG] cheese - null
[2023-01-11T10:49:39.774] [DEBUG] cheese - null
[2023-01-11T11:48:15.931] [DEBUG] cheese - login => username:admin,password:123456
[2023-01-11T11:48:15.931] [DEBUG] cheese - admin
[2023-01-11T11:48:15.934] [DEBUG] cheese - null
[2023-01-11T11:48:15.934] [DEBUG] cheese - null
[2023-01-13T09:56:30.325] [DEBUG] cheese - login => username:admin,password:123456
[2023-01-13T09:56:30.325] [DEBUG] cheese - admin
[2023-01-13T09:56:30.339] [DEBUG] cheese - null
[2023-01-13T09:56:30.339] [DEBUG] cheese - null
[2023-01-13T10:21:34.890] [DEBUG] cheese - login => username:admin,password:123456
[2023-01-13T10:21:34.890] [DEBUG] cheese - admin
[2023-01-13T10:21:34.893] [DEBUG] cheese - null
[2023-01-13T10:21:34.893] [DEBUG] cheese - null
[2023-01-30T14:41:36.039] [DEBUG] cheese - login => username:admin,password:123456
[2023-01-30T14:41:36.041] [DEBUG] cheese - admin
[2023-01-30T14:41:36.078] [DEBUG] cheese - null
[2023-01-30T14:41:36.079] [DEBUG] cheese - null
[2023-01-30T14:43:31.287] [DEBUG] cheese - login => username:admin,password:123456
[2023-01-30T14:43:31.287] [DEBUG] cheese - admin
[2023-01-30T14:43:31.290] [DEBUG] cheese - null
[2023-01-30T14:43:31.290] [DEBUG] cheese - null
[2023-01-30T14:43:43.477] [DEBUG] cheese - login => username:admi,password:123456
[2023-01-30T14:43:43.478] [DEBUG] cheese - admi
[2023-01-30T14:43:43.481] [DEBUG] cheese - null
[2023-01-30T14:43:43.481] [DEBUG] cheese - null
[2023-01-30T14:44:46.755] [DEBUG] cheese - login => username:admin,password:123456
[2023-01-30T14:44:46.756] [DEBUG] cheese - admin
[2023-01-30T14:44:46.770] [DEBUG] cheese - null
[2023-01-30T14:44:46.770] [DEBUG] cheese - null
[2023-01-30T14:46:33.203] [DEBUG] cheese - login => username:admin,password:123456
[2023-01-30T14:46:33.203] [DEBUG] cheese - admin
[2023-01-30T14:46:33.207] [DEBUG] cheese - null
[2023-01-30T14:46:33.207] [DEBUG] cheese - null
[2023-01-30T14:46:42.476] [DEBUG] cheese - login => username:admin,password:123456
[2023-01-30T14:46:42.476] [DEBUG] cheese - admin
[2023-01-30T14:46:42.479] [DEBUG] cheese - null
[2023-01-30T14:46:42.479] [DEBUG] cheese - null
[2023-01-31T10:58:49.400] [DEBUG] cheese - login => username:admin,password:123456
[2023-01-31T10:58:49.403] [DEBUG] cheese - admin
[2023-01-31T10:58:49.468] [DEBUG] cheese - null
[2023-01-31T10:58:49.469] [DEBUG] cheese - null
[2023-01-31T11:02:10.397] [DEBUG] cheese - login => username:admin,password:123456
[2023-01-31T11:02:10.398] [DEBUG] cheese - admin
[2023-01-31T11:02:10.401] [DEBUG] cheese - null
[2023-01-31T11:02:10.401] [DEBUG] cheese - null
[2023-01-31T11:03:00.936] [DEBUG] cheese - login => username:admin,password:123456
[2023-01-31T11:03:00.938] [DEBUG] cheese - admin
[2023-01-31T11:03:00.943] [DEBUG] cheese - null
[2023-01-31T11:03:00.943] [DEBUG] cheese - null
[2023-01-31T11:03:09.363] [DEBUG] cheese - login => username:admin,password:1234567
[2023-01-31T11:03:09.363] [DEBUG] cheese - admin
[2023-01-31T11:03:09.366] [DEBUG] cheese - null
[2023-01-31T11:03:09.366] [DEBUG] cheese - null
[2023-01-31T11:03:16.763] [DEBUG] cheese - login => username:admin11,password:123456
[2023-01-31T11:03:16.764] [DEBUG] cheese - admin11
[2023-01-31T11:03:16.766] [DEBUG] cheese - null
[2023-01-31T11:03:16.766] [DEBUG] cheese - null
[2023-01-31T11:04:38.180] [DEBUG] cheese - login => username:admin,password:123456
[2023-01-31T11:04:38.180] [DEBUG] cheese - admin
[2023-01-31T11:04:38.183] [DEBUG] cheese - null
[2023-01-31T11:04:38.183] [DEBUG] cheese - null
[2023-01-31T11:05:49.189] [DEBUG] cheese - login => username:admin,password:123456
[2023-01-31T11:05:49.189] [DEBUG] cheese - admin
[2023-01-31T11:05:49.193] [DEBUG] cheese - null
[2023-01-31T11:05:49.193] [DEBUG] cheese - null
[2023-01-31T11:06:01.435] [DEBUG] cheese - login => username:admin,password:123456
[2023-01-31T11:06:01.435] [DEBUG] cheese - admin
[2023-01-31T11:06:01.438] [DEBUG] cheese - null
[2023-01-31T11:06:01.438] [DEBUG] cheese - null
[2023-01-31T11:10:03.180] [DEBUG] cheese - login => username:admin,password:123456
[2023-01-31T11:10:03.180] [DEBUG] cheese - admin
[2023-01-31T11:10:03.186] [DEBUG] cheese - null
[2023-01-31T11:10:03.187] [DEBUG] cheese - null
[2023-01-31T11:10:17.738] [DEBUG] cheese - login => username:admin,password:123456
[2023-01-31T11:10:17.739] [DEBUG] cheese - admin
[2023-01-31T11:10:17.742] [DEBUG] cheese - null
[2023-01-31T11:10:17.742] [DEBUG] cheese - null
[2023-01-31T11:14:44.399] [DEBUG] cheese - login => username:admin,password:123456
[2023-01-31T11:14:44.399] [DEBUG] cheese - admin
[2023-01-31T11:14:44.403] [DEBUG] cheese - null
[2023-01-31T11:14:44.404] [DEBUG] cheese - null
[2023-01-31T17:36:00.400] [DEBUG] cheese - login => username:admin,password:123456
[2023-01-31T17:36:00.402] [DEBUG] cheese - admin
[2023-01-31T17:36:00.414] [DEBUG] cheese - null
[2023-01-31T17:36:00.415] [DEBUG] cheese - null
[2023-02-02T10:04:56.538] [DEBUG] cheese - login => username:admin,password:123456
[2023-02-02T10:04:56.539] [DEBUG] cheese - admin
[2023-02-02T10:04:56.564] [DEBUG] cheese - null
[2023-02-02T10:04:56.564] [DEBUG] cheese - null
[2023-02-04T10:16:40.151] [DEBUG] cheese - login => username:admin,password:123456
[2023-02-04T10:16:40.153] [DEBUG] cheese - admin
[2023-02-04T10:16:40.194] [DEBUG] cheese - null
[2023-02-04T10:16:40.194] [DEBUG] cheese - null
[2023-02-04T12:19:49.495] [DEBUG] cheese - login => username:admin,password:123456
[2023-02-04T12:19:49.497] [DEBUG] cheese - admin
[2023-02-04T12:19:49.517] [DEBUG] cheese - null
[2023-02-04T12:19:49.518] [DEBUG] cheese - null
[2023-02-04T13:41:25.297] [DEBUG] cheese - login => username:linken,password:123456
[2023-02-04T13:41:25.298] [DEBUG] cheese - linken
[2023-02-04T13:41:25.301] [DEBUG] cheese - null
[2023-02-04T13:41:25.301] [DEBUG] cheese - null
[2023-02-04T13:41:30.133] [DEBUG] cheese - login => username:linken,password:123456
[2023-02-04T13:41:30.134] [DEBUG] cheese - linken
[2023-02-04T13:41:30.138] [DEBUG] cheese - null
[2023-02-04T13:41:30.139] [DEBUG] cheese - null
[2023-02-04T13:41:34.565] [DEBUG] cheese - login => username:linken,password:123123
[2023-02-04T13:41:34.565] [DEBUG] cheese - linken
[2023-02-04T13:41:34.570] [DEBUG] cheese - null
[2023-02-04T13:41:34.571] [DEBUG] cheese - null
[2023-02-04T13:41:37.711] [DEBUG] cheese - login => username:admin,password:123456
[2023-02-04T13:41:37.712] [DEBUG] cheese - admin
[2023-02-04T13:41:37.715] [DEBUG] cheese - null
[2023-02-04T13:41:37.716] [DEBUG] cheese - null
[2023-02-05T16:52:57.296] [DEBUG] cheese - login => username:admin,password:123456
[2023-02-05T16:52:57.298] [DEBUG] cheese - admin
[2023-02-05T16:52:57.320] [DEBUG] cheese - null
[2023-02-05T16:52:57.321] [DEBUG] cheese - null
[2023-02-27T19:48:54.050] [DEBUG] cheese - login => username:admin,password:123456
[2023-02-27T19:48:54.052] [DEBUG] cheese - admin
[2023-02-27T19:48:54.113] [DEBUG] cheese - null
[2023-02-27T19:48:54.114] [DEBUG] cheese - null
[2023-02-27T19:49:27.333] [DEBUG] cheese - login => username:admin,password:123456
[2023-02-27T19:49:27.334] [DEBUG] cheese - admin
[2023-02-27T19:49:27.343] [DEBUG] cheese - null
[2023-02-27T19:49:27.343] [DEBUG] cheese - null
[2023-02-28T14:21:56.361] [DEBUG] cheese - login => username:admin,password:123456
[2023-02-28T14:21:56.365] [DEBUG] cheese - admin
[2023-02-28T14:21:56.390] [DEBUG] cheese - null
[2023-02-28T14:21:56.392] [DEBUG] cheese - null
[2023-02-28T14:27:38.142] [DEBUG] cheese - login => username:admin,password:123456
[2023-02-28T14:27:38.143] [DEBUG] cheese - admin
[2023-02-28T14:27:38.146] [DEBUG] cheese - null
[2023-02-28T14:27:38.146] [DEBUG] cheese - null
[2023-03-03T15:18:39.288] [DEBUG] cheese - login => username:111,password:111111
[2023-03-03T15:18:39.290] [DEBUG] cheese - 111
[2023-03-03T15:18:39.426] [DEBUG] cheese - null
[2023-03-03T15:18:39.427] [DEBUG] cheese - null
[2023-03-03T15:18:59.827] [DEBUG] cheese - login => username:111,password:111111
[2023-03-03T15:18:59.828] [DEBUG] cheese - 111
[2023-03-03T15:18:59.833] [DEBUG] cheese - null
[2023-03-03T15:18:59.833] [DEBUG] cheese - null
[2023-03-03T15:20:15.750] [DEBUG] cheese - login => username:111,password:111111
[2023-03-03T15:20:15.751] [DEBUG] cheese - 111
[2023-03-03T15:20:15.754] [DEBUG] cheese - null
[2023-03-03T15:20:15.755] [DEBUG] cheese - null
[2023-03-03T15:21:43.182] [DEBUG] cheese - login => username:111,password:111111
[2023-03-03T15:21:43.182] [DEBUG] cheese - 111
[2023-03-03T15:21:43.186] [DEBUG] cheese - null
[2023-03-03T15:21:43.186] [DEBUG] cheese - null
[2023-03-03T15:23:06.316] [DEBUG] cheese - login => username:111,password:111111
[2023-03-03T15:23:06.316] [DEBUG] cheese - 111
[2023-03-03T15:23:06.319] [DEBUG] cheese - null
[2023-03-03T15:23:06.319] [DEBUG] cheese - null
[2023-03-03T15:26:05.152] [DEBUG] cheese - login => username:111,password:111111
[2023-03-03T15:26:05.152] [DEBUG] cheese - 111
[2023-03-03T15:26:05.155] [DEBUG] cheese - null
[2023-03-03T15:26:05.156] [DEBUG] cheese - null
[2023-03-03T15:26:16.301] [DEBUG] cheese - login => username:111,password:111111
[2023-03-03T15:26:16.301] [DEBUG] cheese - 111
[2023-03-03T15:26:16.304] [DEBUG] cheese - null
[2023-03-03T15:26:16.304] [DEBUG] cheese - null
[2023-03-03T15:29:05.259] [DEBUG] cheese - login => username:111,password:111111
[2023-03-03T15:29:05.259] [DEBUG] cheese - 111
[2023-03-03T15:29:05.263] [DEBUG] cheese - null
[2023-03-03T15:29:05.263] [DEBUG] cheese - null
[2023-03-03T15:29:14.050] [DEBUG] cheese - login => username:admin,password:123456
[2023-03-03T15:29:14.050] [DEBUG] cheese - admin
[2023-03-03T15:29:14.057] [DEBUG] cheese - null
[2023-03-03T15:29:14.057] [DEBUG] cheese - null
[2023-03-03T15:29:49.503] [DEBUG] cheese - login => username:admin,password:123456
[2023-03-03T15:29:49.503] [DEBUG] cheese - admin
[2023-03-03T15:29:49.507] [DEBUG] cheese - null
[2023-03-03T15:29:49.507] [DEBUG] cheese - null
[2023-03-03T15:32:05.378] [DEBUG] cheese - login => username:admin,password:123456
[2023-03-03T15:32:05.379] [DEBUG] cheese - admin
[2023-03-03T15:32:05.382] [DEBUG] cheese - null
[2023-03-03T15:32:05.382] [DEBUG] cheese - null
[2023-03-03T15:32:41.908] [DEBUG] cheese - login => username:admin,password:123456
[2023-03-03T15:32:41.908] [DEBUG] cheese - admin
[2023-03-03T15:32:41.913] [DEBUG] cheese - null
[2023-03-03T15:32:41.913] [DEBUG] cheese - null
[2023-03-03T15:35:22.600] [DEBUG] cheese - login => username:admin,password:123456
[2023-03-03T15:35:22.600] [DEBUG] cheese - admin
[2023-03-03T15:35:22.604] [DEBUG] cheese - null
[2023-03-03T15:35:22.604] [DEBUG] cheese - null
[2023-03-03T15:35:54.477] [DEBUG] cheese - login => username:admin,password:123456
[2023-03-03T15:35:54.478] [DEBUG] cheese - admin
[2023-03-03T15:35:54.481] [DEBUG] cheese - null
[2023-03-03T15:35:54.481] [DEBUG] cheese - null
[2023-03-03T15:36:28.183] [DEBUG] cheese - login => username:admin,password:123456
[2023-03-03T15:36:28.183] [DEBUG] cheese - admin
[2023-03-03T15:36:28.188] [DEBUG] cheese - null
[2023-03-03T15:36:28.188] [DEBUG] cheese - null
[2023-03-03T15:42:09.008] [DEBUG] cheese - login => username:admin,password:123456
[2023-03-03T15:42:09.008] [DEBUG] cheese - admin
[2023-03-03T15:42:09.013] [DEBUG] cheese - null
[2023-03-03T15:42:09.013] [DEBUG] cheese - null
[2023-03-03T15:48:15.190] [DEBUG] cheese - login => username:admin,password:123456
[2023-03-03T15:48:15.190] [DEBUG] cheese - admin
[2023-03-03T15:48:15.194] [DEBUG] cheese - null
[2023-03-03T15:48:15.194] [DEBUG] cheese - null
[2023-03-03T15:58:57.731] [DEBUG] cheese - login => username:admin,password:123456
[2023-03-03T15:58:57.731] [DEBUG] cheese - admin
[2023-03-03T15:58:57.735] [DEBUG] cheese - null
[2023-03-03T15:58:57.735] [DEBUG] cheese - null
[2023-03-03T16:00:02.794] [DEBUG] cheese - login => username:admin,password:123456
[2023-03-03T16:00:02.794] [DEBUG] cheese - admin
[2023-03-03T16:00:02.797] [DEBUG] cheese - null
[2023-03-03T16:00:02.797] [DEBUG] cheese - null
[2023-03-03T16:00:21.330] [DEBUG] cheese - login => username:admin,password:123456
[2023-03-03T16:00:21.330] [DEBUG] cheese - admin
[2023-03-03T16:00:21.334] [DEBUG] cheese - null
[2023-03-03T16:00:21.334] [DEBUG] cheese - null
[2023-03-03T17:07:13.737] [DEBUG] cheese - login => username:admin,password:123456
[2023-03-03T17:07:13.737] [DEBUG] cheese - admin
[2023-03-03T17:07:13.741] [DEBUG] cheese - null
[2023-03-03T17:07:13.741] [DEBUG] cheese - null
[2023-03-03T19:09:27.761] [DEBUG] cheese - login => username:admin,password:123456
[2023-03-03T19:09:27.761] [DEBUG] cheese - admin
[2023-03-03T19:09:27.765] [DEBUG] cheese - null
[2023-03-03T19:09:27.766] [DEBUG] cheese - null
[2023-03-06T19:13:34.556] [DEBUG] cheese - login => username:admin,password:123456
[2023-03-06T19:13:34.558] [DEBUG] cheese - admin
[2023-03-06T19:13:34.794] [DEBUG] cheese - null
[2023-03-06T19:13:34.796] [DEBUG] cheese - null
[2023-03-07T19:14:55.269] [DEBUG] cheese - login => username:admin,password:123456
[2023-03-07T19:14:55.272] [DEBUG] cheese - admin
[2023-03-07T19:14:55.278] [DEBUG] cheese - null
[2023-03-07T19:14:55.279] [DEBUG] cheese - null
[2023-03-09T14:25:49.763] [DEBUG] cheese - login => username:admin,password:123456
[2023-03-09T14:25:49.765] [DEBUG] cheese - admin
[2023-03-09T14:25:49.822] [DEBUG] cheese - null
[2023-03-09T14:25:49.823] [DEBUG] cheese - null
[2023-03-10T15:04:23.472] [DEBUG] cheese - login => username:admin,password:123456
[2023-03-10T15:04:23.474] [DEBUG] cheese - admin
[2023-03-10T15:04:23.530] [DEBUG] cheese - null
[2023-03-10T15:04:23.531] [DEBUG] cheese - null
[2023-03-11T08:53:27.069] [DEBUG] cheese - null
[2023-03-11T08:59:44.409] [DEBUG] cheese - null
[2023-03-11T09:02:17.923] [DEBUG] cheese - null
[2023-03-11T09:03:19.297] [DEBUG] cheese - null
[2023-03-11T09:03:25.229] [DEBUG] cheese - null
[2023-03-11T09:03:53.510] [DEBUG] cheese - null
[2023-03-11T14:01:47.449] [DEBUG] cheese - null
[2023-03-11T14:01:57.542] [DEBUG] cheese - null
[2023-03-11T14:02:34.031] [DEBUG] cheese - null
[2023-03-11T14:03:27.185] [DEBUG] cheese - null
[2023-03-11T14:03:32.217] [DEBUG] cheese - null
[2023-03-11T14:03:34.960] [DEBUG] cheese - null
[2023-03-11T14:05:03.963] [DEBUG] cheese - null
[2023-03-11T14:05:35.975] [DEBUG] cheese - null
[2023-03-11T14:05:54.257] [DEBUG] cheese - null
[2023-03-11T14:06:14.352] [DEBUG] cheese - null
[2023-03-11T14:06:35.141] [DEBUG] cheese - null
[2023-03-11T14:08:03.869] [DEBUG] cheese - null
[2023-03-11T14:08:34.829] [DEBUG] cheese - null
[2023-03-11T14:37:58.359] [DEBUG] cheese - null
[2023-03-11T14:38:06.368] [DEBUG] cheese - null
[2023-03-11T15:13:15.296] [DEBUG] cheese - login => username:admin,password:123456
[2023-03-11T15:13:15.297] [DEBUG] cheese - admin
[2023-03-11T15:13:15.302] [DEBUG] cheese - null
[2023-03-11T15:13:15.303] [DEBUG] cheese - null
[2023-03-11T18:56:07.836] [DEBUG] cheese - null
[2023-03-12T09:49:52.414] [DEBUG] cheese - login => username:linken,password:123456
[2023-03-12T09:49:52.415] [DEBUG] cheese - linken
[2023-03-12T09:49:52.419] [DEBUG] cheese - null
[2023-03-12T09:49:52.419] [DEBUG] cheese - null
[2023-03-12T09:49:59.307] [DEBUG] cheese - login => username:linken,password:123123
[2023-03-12T09:49:59.307] [DEBUG] cheese - linken
[2023-03-12T09:49:59.310] [DEBUG] cheese - null
[2023-03-12T09:49:59.310] [DEBUG] cheese - null
[2023-03-12T09:50:06.675] [DEBUG] cheese - login => username:admin,password:123456
[2023-03-12T09:50:06.675] [DEBUG] cheese - admin
[2023-03-12T09:50:06.678] [DEBUG] cheese - null
[2023-03-12T09:50:06.678] [DEBUG] cheese - null
[2023-03-12T09:50:22.062] [DEBUG] cheese - login => username:admin,password:123456
[2023-03-12T09:50:22.062] [DEBUG] cheese - admin
[2023-03-12T09:50:22.064] [DEBUG] cheese - null
[2023-03-12T09:50:22.065] [DEBUG] cheese - null
[2023-03-13T09:51:04.749] [DEBUG] cheese - login => username:admin,password:123456
[2023-03-13T09:51:04.750] [DEBUG] cheese - admin
[2023-03-13T09:51:04.766] [DEBUG] cheese - null
[2023-03-13T09:51:04.767] [DEBUG] cheese - null
[2023-03-14T15:26:53.302] [DEBUG] cheese - login => username:admin,password:123456
[2023-03-14T15:26:53.305] [DEBUG] cheese - admin
[2023-03-14T15:26:53.363] [DEBUG] cheese - null
[2023-03-14T15:26:53.363] [DEBUG] cheese - null
[2023-03-16T08:14:20.782] [DEBUG] cheese - login => username:admin,password:123456
[2023-03-16T08:14:20.784] [DEBUG] cheese - admin
[2023-03-16T08:14:20.789] [DEBUG] cheese - null
[2023-03-16T08:14:20.789] [DEBUG] cheese - null
[2023-03-17T08:38:03.650] [DEBUG] cheese - login => username:admin,password:123456
[2023-03-17T08:38:03.653] [DEBUG] cheese - admin
[2023-03-17T08:38:03.669] [DEBUG] cheese - null
[2023-03-17T08:38:03.670] [DEBUG] cheese - null
[2023-03-17T16:07:56.237] [DEBUG] cheese - null
[2023-03-18T16:08:09.201] [DEBUG] cheese - login => username:admin,password:123456
[2023-03-18T16:08:09.207] [DEBUG] cheese - admin
[2023-03-18T16:08:09.562] [DEBUG] cheese - null
[2023-03-18T16:08:09.562] [DEBUG] cheese - null
[2023-04-04T09:14:40.910] [DEBUG] cheese - login => username:admin,password:123456
[2023-04-04T09:14:40.911] [DEBUG] cheese - admin
[2023-04-04T09:14:41.102] [DEBUG] cheese - null
[2023-04-04T09:14:41.103] [DEBUG] cheese - null
[2023-04-11T10:26:09.469] [DEBUG] cheese - login => username:admin,password:123456
[2023-04-11T10:26:09.472] [DEBUG] cheese - admin
[2023-04-11T10:26:09.532] [DEBUG] cheese - null
[2023-04-11T10:26:09.532] [DEBUG] cheese - null
